<?xml version="1.0" encoding="UTF-8"?>
<!-- Generated by org.testng.reporters.JUnitXMLReporter -->
<testsuite ignored="3" hostname="SIA" failures="0" tests="2" name="Default test" time="0.125" errors="0" timestamp="2023-06-21T14:48:05 CDT">
  <testcase classname="sia.Day3" name="mobileSigninCarLoan" time="0.014"/>
  <testcase classname="sia.Day3" name="apiLoginCarLoan" time="0.003"/>
  <testcase classname="sia.Day3" name="mobileLoginCarLoan" time="0.0">
    <ignored/>
  </testcase> <!-- mobileLoginCarLoan -->
  <testcase classname="sia.Day3" name="mobileLogoutCarLoan" time="0.0">
    <ignored/>
  </testcase> <!-- mobileLogoutCarLoan -->
  <testcase classname="sia.Day3" name="webLoginCarLoan" time="0.0">
    <ignored/>
  </testcase> <!-- webLoginCarLoan -->
</testsuite> <!-- Default test -->
