<?xml version="1.0" encoding="UTF-8"?>
<!-- Generated by org.testng.reporters.JUnitXMLReporter -->
<testsuite ignored="0" hostname="SIA" failures="0" tests="6" name="Personal Loan" time="11.137" errors="0" timestamp="2023-06-22T11:11:02 CDT">
  <testcase classname="sia.Day1" name="demo1" time="11.019"/>
  <testcase classname="sia.Day1" name="demo2" time="0.002"/>
  <testcase classname="sia.Day2" name="demo3" time="0.002"/>
  <testcase classname="sia.Day4" name="apiLoginCarLoan" time="0.003"/>
  <testcase classname="sia.Day4" name="mobileLoginCarLoan" time="0.004"/>
  <testcase classname="sia.Day4" name="webLoginHomeLoan" time="0.005"/>
</testsuite> <!-- Personal Loan -->
