<?xml version="1.0" encoding="UTF-8"?>
<!-- Generated by org.testng.reporters.JUnitXMLReporter -->
<testsuite ignored="3" hostname="SIA" failures="0" tests="2" name="Utility Loan" time="0.015" errors="0" timestamp="2023-06-13T18:25:04 CDT">
  <testcase classname="sia.Day3" name="apiLoginCarLoan" time="0.002"/>
  <testcase classname="sia.Day3" name="webLoginCarLoan" time="0.003"/>
  <testcase classname="sia.Day3" name="mobileLoginCarLoan" time="0.0">
    <ignored/>
  </testcase> <!-- mobileLoginCarLoan -->
  <testcase classname="sia.Day3" name="mobileSigninCarLoan" time="0.0">
    <ignored/>
  </testcase> <!-- mobileSigninCarLoan -->
  <testcase classname="sia.Day3" name="mobileLogoutCarLoan" time="0.0">
    <ignored/>
  </testcase> <!-- mobileLogoutCarLoan -->
</testsuite> <!-- Utility Loan -->
