<?xml version="1.0" encoding="UTF-8"?>
<testng-results ignored="0" total="8" passed="8" failed="0" skipped="0">
  <reporter-output>
  </reporter-output>
  <suite started-at="2023-06-22T11:10:51 CDT" name="Loan Department" finished-at="2023-06-22T11:11:03 CDT" duration-ms="11226">
    <groups>
      <group name="Smoke">
        <method signature="Day2.demo3()[pri:0, instance:sia.Day2@3e58a80e]" name="demo3" class="sia.Day2"/>
      </group> <!-- Smoke -->
    </groups>
    <test started-at="2023-06-22T11:10:51 CDT" name="Personal Loan" finished-at="2023-06-22T11:11:02 CDT" duration-ms="11137">
      <class name="sia.Day1">
        <test-method signature="demo1()[pri:0, instance:sia.Day1@2e005c4b]" started-at="2023-06-22T11:10:51 CDT" name="demo1" finished-at="2023-06-22T11:11:02 CDT" duration-ms="11019" status="PASS">
          <reporter-output>
          </reporter-output>
        </test-method> <!-- demo1 -->
        <test-method signature="demo2()[pri:0, instance:sia.Day1@2e005c4b]" started-at="2023-06-22T11:11:02 CDT" name="demo2" finished-at="2023-06-22T11:11:02 CDT" duration-ms="2" status="PASS">
          <reporter-output>
          </reporter-output>
        </test-method> <!-- demo2 -->
      </class> <!-- sia.Day1 -->
      <class name="sia.Day2">
        <test-method signature="demo3()[pri:0, instance:sia.Day2@3e58a80e]" started-at="2023-06-22T11:11:02 CDT" name="demo3" finished-at="2023-06-22T11:11:02 CDT" duration-ms="2" status="PASS">
          <reporter-output>
          </reporter-output>
        </test-method> <!-- demo3 -->
      </class> <!-- sia.Day2 -->
      <class name="sia.Day4">
        <test-method signature="apiLoginCarLoan()[pri:0, instance:sia.Day4@4fb61f4a]" started-at="2023-06-22T11:11:02 CDT" name="apiLoginCarLoan" finished-at="2023-06-22T11:11:02 CDT" duration-ms="3" status="PASS">
          <reporter-output>
          </reporter-output>
        </test-method> <!-- apiLoginCarLoan -->
        <test-method signature="mobileLoginCarLoan()[pri:0, instance:sia.Day4@4fb61f4a]" started-at="2023-06-22T11:11:02 CDT" name="mobileLoginCarLoan" finished-at="2023-06-22T11:11:02 CDT" duration-ms="4" status="PASS">
          <reporter-output>
          </reporter-output>
        </test-method> <!-- mobileLoginCarLoan -->
        <test-method signature="webLoginHomeLoan()[pri:0, instance:sia.Day4@4fb61f4a]" started-at="2023-06-22T11:11:02 CDT" name="webLoginHomeLoan" finished-at="2023-06-22T11:11:02 CDT" duration-ms="5" status="PASS">
          <reporter-output>
          </reporter-output>
        </test-method> <!-- webLoginHomeLoan -->
      </class> <!-- sia.Day4 -->
    </test> <!-- Personal Loan -->
    <test started-at="2023-06-22T11:11:03 CDT" name="Utility Loan" finished-at="2023-06-22T11:11:03 CDT" duration-ms="10">
      <class name="sia.Day3">
        <test-method signature="apiLoginCarLoan()[pri:0, instance:sia.Day3@313ac989]" started-at="2023-06-22T11:11:03 CDT" name="apiLoginCarLoan" finished-at="2023-06-22T11:11:03 CDT" duration-ms="1" status="PASS">
          <reporter-output>
          </reporter-output>
        </test-method> <!-- apiLoginCarLoan -->
        <test-method signature="webLoginCarLoan()[pri:0, instance:sia.Day3@313ac989]" started-at="2023-06-22T11:11:03 CDT" name="webLoginCarLoan" finished-at="2023-06-22T11:11:03 CDT" duration-ms="3" status="PASS">
          <reporter-output>
          </reporter-output>
        </test-method> <!-- webLoginCarLoan -->
      </class> <!-- sia.Day3 -->
    </test> <!-- Utility Loan -->
  </suite> <!-- Loan Department -->
</testng-results>
